<?xml version="1.0" encoding="UTF-8"?>
<!-- Generated by org.testng.reporters.JUnitReportReporter -->
<testsuite hostname="cnhuang-nb" name="testng.spring.SpringConfigTest" tests="1" failures="0" timestamp="7 Aug 2012 06:14:05 GMT" time="0.009" errors="0">
  <testcase name="testconfig" time="0.009" classname="testng.spring.SpringConfigTest"/>
</testsuite> <!-- testng.spring.SpringConfigTest -->
